  Event.cpp
  EventHandler.cpp
  EventManager.cpp
  GameObject.cpp
C:\Users\chris\Desktop\CSC481\CSC481_HW1\CSC481_Server2\GameObject.cpp(13,31): warning C4244: 'argument': conversion from 'int' to 'T', possible loss of data
          with
          [
              T=float
          ]
C:\Users\chris\Desktop\CSC481\CSC481_HW1\CSC481_Server2\GameObject.cpp(13,28): warning C4244: 'argument': conversion from 'int' to 'T', possible loss of data
          with
          [
              T=float
          ]
C:\Users\chris\Desktop\CSC481\CSC481_HW1\CSC481_Server2\GameObject.cpp(34,36): warning C4244: 'argument': conversion from 'float' to 'sf::Uint8', possible loss of data
C:\Users\chris\Desktop\CSC481\CSC481_HW1\CSC481_Server2\GameObject.cpp(34,33): warning C4244: 'argument': conversion from 'float' to 'sf::Uint8', possible loss of data
C:\Users\chris\Desktop\CSC481\CSC481_HW1\CSC481_Server2\GameObject.cpp(34,30): warning C4244: 'argument': conversion from 'float' to 'sf::Uint8', possible loss of data
  Main.cpp
C:\Users\chris\Desktop\CSC481\CSC481_HW1\CSC481_Server2\Main.cpp(106,19): warning C4553: '==': result of expression not used; did you intend '='?
C:\Users\chris\Desktop\CSC481\CSC481_HW1\CSC481_Server2\Main.cpp(255,24): warning C4244: 'initializing': conversion from '_Ty' to 'int', possible loss of data
          with
          [
              _Ty=float
          ]
C:\Users\chris\Desktop\CSC481\CSC481_HW1\CSC481_Server2\Main.cpp(280,24): warning C4244: 'initializing': conversion from '_Ty' to 'int', possible loss of data
          with
          [
              _Ty=float
          ]
C:\Users\chris\Desktop\CSC481\CSC481_HW1\CSC481_Server2\Main.cpp(305,24): warning C4244: 'initializing': conversion from '_Ty' to 'int', possible loss of data
          with
          [
              _Ty=float
          ]
  MovePattern.cpp
C:\Users\chris\Desktop\CSC481\CSC481_HW1\CSC481_Server2\MovePattern.cpp(5,8): warning C4244: 'initializing': conversion from 'T' to 'int', possible loss of data
          with
          [
              T=float
          ]
C:\Users\chris\Desktop\CSC481\CSC481_HW1\CSC481_Server2\MovePattern.cpp(36,8): warning C4244: 'initializing': conversion from 'T' to 'int', possible loss of data
          with
          [
              T=float
          ]
  MovingPlatform.cpp
  Platform.cpp
  Timeline.cpp
  Generating code
  Previous IPDB not found, fall back to full compilation.
  All 399 functions were compiled because no usable IPDB/IOBJ from previous compilation was found.
  Finished generating code
  CSC481_Server2.vcxproj -> C:\Users\chris\Desktop\CSC481\CSC481_HW1\Release\CSC481_Server2.exe
