  EventHandler.cpp
  Main.cpp
C:\Users\chris\Desktop\CSC481\CSC481_HW1\CSC481_Server\Main.cpp(106,19): warning C4553: '==': result of expression not used; did you intend '='?
C:\Users\chris\Desktop\CSC481\CSC481_HW1\CSC481_Server\Main.cpp(255,24): warning C4244: 'initializing': conversion from '_Ty' to 'int', possible loss of data
          with
          [
              _Ty=float
          ]
C:\Users\chris\Desktop\CSC481\CSC481_HW1\CSC481_Server\Main.cpp(280,24): warning C4244: 'initializing': conversion from '_Ty' to 'int', possible loss of data
          with
          [
              _Ty=float
          ]
C:\Users\chris\Desktop\CSC481\CSC481_HW1\CSC481_Server\Main.cpp(305,24): warning C4244: 'initializing': conversion from '_Ty' to 'int', possible loss of data
          with
          [
              _Ty=float
          ]
  Generating code
  5 of 399 functions ( 1.3%) were compiled, the rest were copied from previous compilation.
    0 functions were new in current compilation
    0 functions had inline decision re-evaluated but remain unchanged
  Finished generating code
  CSC481_Server.vcxproj -> C:\Users\chris\Desktop\CSC481\CSC481_HW1\Release\CSC481_Server.exe
